ssh://xwang@next-dgx1-01.d2.comp.nus.edu.sg:22/storage/xwang/anaconda3/envs/screener/bin/python3 -u /storage/xwang/mycode/codes_kdd21_rlscreener/RL-Screener-Pro/run_ba3_star.py
/storage/xwang/anaconda3/envs/screener/lib/python3.8/site-packages/torch/serialization.py:657: SourceChangeWarning: source code of class 'module.gnn_model_zoo.ba3motif_gnn.BA3MotifNet' has changed. you can retrieve the original source code by accessing the object's source attribute or set `torch.nn.Module.dump_patches = True` and use the patch tool to revert the changes.
  warnings.warn(msg, SourceChangeWarning)
/storage/xwang/anaconda3/envs/screener/lib/python3.8/site-packages/torch/serialization.py:657: SourceChangeWarning: source code of class 'torch.nn.modules.linear.Linear' has changed. you can retrieve the original source code by accessing the object's source attribute or set `torch.nn.Module.dump_patches = True` and use the patch tool to revert the changes.
  warnings.warn(msg, SourceChangeWarning)
/storage/xwang/anaconda3/envs/screener/lib/python3.8/site-packages/torch/serialization.py:657: SourceChangeWarning: source code of class 'torch.nn.modules.container.ModuleList' has changed. you can retrieve the original source code by accessing the object's source attribute or set `torch.nn.Module.dump_patches = True` and use the patch tool to revert the changes.
  warnings.warn(msg, SourceChangeWarning)
/storage/xwang/anaconda3/envs/screener/lib/python3.8/site-packages/torch/serialization.py:657: SourceChangeWarning: source code of class 'torch.nn.modules.activation.ReLU' has changed. you can retrieve the original source code by accessing the object's source attribute or set `torch.nn.Module.dump_patches = True` and use the patch tool to revert the changes.
  warnings.warn(msg, SourceChangeWarning)
100%|███████████████████████████████████████████| 69/69 [00:01<00:00, 39.65it/s]
number of graphs in the training:2199
100%|████████████████████████████████████████| 400/400 [00:01<00:00, 246.86it/s]
number of graphs in the testing: 400

ACC-AUC: 0.5105, Precision@5: 0.1625, Recall@5: 0.0537
[0.3125 0.3125 0.315  0.3225 0.345  0.4525 0.6125 0.6625 0.77   1.    ]
100%|███████████████████████████████████████████| 69/69 [02:56<00:00,  2.55s/it]
Episode: 1, loss: -61805.3281, average rewards: -0.2028

ACC-AUC: 0.5673, Precision@5: 0.5240, Recall@5: 0.1676
[0.3125 0.3175 0.335  0.3675 0.4275 0.5625 0.685  0.8425 0.8225 1.    ]
100%|███████████████████████████████████████████| 69/69 [03:28<00:00,  3.02s/it]
Episode: 2, loss: -70374.9688, average rewards: -0.1538

ACC-AUC: 0.6310, Precision@5: 0.5875, Recall@5: 0.1725
[0.3125 0.3725 0.4775 0.55   0.6275 0.6425 0.675  0.805  0.8475 1.    ]
100%|███████████████████████████████████████████| 69/69 [02:45<00:00,  2.40s/it]
Episode: 3, loss: -72602.3594, average rewards: -0.1645

ACC-AUC: 0.4895, Precision@5: 0.6515, Recall@5: 0.1855
[0.3125 0.3125 0.3125 0.3125 0.3125 0.3125 0.39   0.8    0.83   1.    ]
100%|███████████████████████████████████████████| 69/69 [02:26<00:00,  2.12s/it]
Episode: 4, loss: -68726.6641, average rewards: -0.2039

ACC-AUC: 0.5680, Precision@5: 0.6725, Recall@5: 0.1976
[0.3125 0.3275 0.3475 0.35   0.52   0.5575 0.6125 0.81   0.8425 1.    ]
100%|███████████████████████████████████████████| 69/69 [02:37<00:00,  2.29s/it]
Episode: 5, loss: -68177.2891, average rewards: -0.2440

ACC-AUC: 0.5330, Precision@5: 0.5805, Recall@5: 0.1926
[0.3125 0.3125 0.3125 0.315  0.385  0.5425 0.7225 0.71   0.7175 1.    ]
100%|███████████████████████████████████████████| 69/69 [02:50<00:00,  2.47s/it]
Episode: 6, loss: -60048.9922, average rewards: -0.2507

ACC-AUC: 0.5262, Precision@5: 0.5960, Recall@5: 0.1914
[0.3125 0.315  0.325  0.345  0.4    0.5375 0.61   0.69   0.7275 1.    ]
100%|███████████████████████████████████████████| 69/69 [03:45<00:00,  3.26s/it]
Episode: 7, loss: -62219.4688, average rewards: -0.2615

ACC-AUC: 0.4768, Precision@5: 0.5840, Recall@5: 0.1947
[0.3125 0.32   0.3325 0.3425 0.3325 0.4025 0.3825 0.61   0.7325 1.    ]
100%|███████████████████████████████████████████| 69/69 [02:51<00:00,  2.48s/it]
Episode: 8, loss: -68122.6094, average rewards: -0.2273

ACC-AUC: 0.4888, Precision@5: 0.7995, Recall@5: 0.2448
[0.3125 0.3125 0.3275 0.3375 0.345  0.3875 0.51   0.605  0.75   1.    ]
100%|███████████████████████████████████████████| 69/69 [03:48<00:00,  3.31s/it]
Episode: 9, loss: -74116.6172, average rewards: -0.2340

ACC-AUC: 0.5700, Precision@5: 0.8415, Recall@5: 0.2587
[0.3125 0.335  0.375  0.405  0.5775 0.6275 0.62   0.685  0.7625 1.    ]
100%|███████████████████████████████████████████| 69/69 [03:48<00:00,  3.31s/it]
Episode: 10, loss: -77133.5234, average rewards: -0.2450

ACC-AUC: 0.5950, Precision@5: 0.7890, Recall@5: 0.2324
[0.3125 0.34   0.3925 0.39   0.59   0.62   0.6475 0.7625 0.895  1.    ]
100%|███████████████████████████████████████████| 69/69 [02:42<00:00,  2.36s/it]
Episode: 11, loss: -74864.3359, average rewards: -0.2508

ACC-AUC: 0.6112, Precision@5: 0.7730, Recall@5: 0.2292
[0.3125 0.3375 0.4125 0.5175 0.5875 0.6525 0.6575 0.76   0.875  1.    ]
100%|███████████████████████████████████████████| 69/69 [02:50<00:00,  2.48s/it]
Episode: 12, loss: -73906.2812, average rewards: -0.2388

ACC-AUC: 0.5760, Precision@5: 0.7550, Recall@5: 0.2209
[0.3125 0.3275 0.37   0.3975 0.555  0.5675 0.5975 0.765  0.8675 1.    ]
100%|███████████████████████████████████████████| 69/69 [02:29<00:00,  2.17s/it]
Episode: 13, loss: -74965.0781, average rewards: -0.2430

ACC-AUC: 0.5923, Precision@5: 0.7780, Recall@5: 0.2281
[0.3125 0.3375 0.38   0.4225 0.5925 0.6125 0.6225 0.7625 0.88   1.    ]
100%|███████████████████████████████████████████| 69/69 [02:36<00:00,  2.27s/it]
Episode: 14, loss: -76273.0391, average rewards: -0.2454

ACC-AUC: 0.5965, Precision@5: 0.7860, Recall@5: 0.2314
[0.3125 0.34   0.3925 0.405  0.6    0.6075 0.6375 0.7725 0.8975 1.    ]
100%|███████████████████████████████████████████| 69/69 [02:56<00:00,  2.56s/it]
Episode: 15, loss: -74090.3516, average rewards: -0.2184

ACC-AUC: 0.5958, Precision@5: 0.7880, Recall@5: 0.2329
[0.3125 0.3325 0.3875 0.415  0.5975 0.615  0.64   0.775  0.8825 1.    ]
100%|███████████████████████████████████████████| 69/69 [02:34<00:00,  2.24s/it]
Episode: 16, loss: -73150.3047, average rewards: -0.2295

ACC-AUC: 0.5885, Precision@5: 0.7940, Recall@5: 0.2341
[0.3125 0.3325 0.385  0.4    0.6125 0.5875 0.635  0.75   0.87   1.    ]
100%|███████████████████████████████████████████| 69/69 [02:33<00:00,  2.22s/it]
Episode: 17, loss: -72511.1641, average rewards: -0.2311

ACC-AUC: 0.5728, Precision@5: 0.7520, Recall@5: 0.2204
[0.3125 0.3275 0.3775 0.39   0.56   0.5575 0.58   0.7475 0.875  1.    ]
100%|███████████████████████████████████████████| 69/69 [02:45<00:00,  2.40s/it]
Episode: 18, loss: -73139.0703, average rewards: -0.2356

ACC-AUC: 0.5908, Precision@5: 0.7925, Recall@5: 0.2342
[0.3125 0.34   0.38   0.42   0.5925 0.595  0.6275 0.765  0.875  1.    ]
100%|███████████████████████████████████████████| 69/69 [02:42<00:00,  2.36s/it]
Episode: 19, loss: -72878.6719, average rewards: -0.2243

ACC-AUC: 0.5920, Precision@5: 0.7905, Recall@5: 0.2332
[0.3125 0.3325 0.3775 0.415  0.5875 0.5875 0.635  0.785  0.8875 1.    ]
100%|███████████████████████████████████████████| 69/69 [02:46<00:00,  2.42s/it]
Episode: 20, loss: -72347.9922, average rewards: -0.2435

ACC-AUC: 0.6000, Precision@5: 0.9160, Recall@5: 0.2707
[0.3125 0.33   0.365  0.405  0.6025 0.6175 0.6925 0.8    0.875  1.    ]
100%|███████████████████████████████████████████| 69/69 [02:28<00:00,  2.15s/it]
Episode: 21, loss: -76977.9297, average rewards: -0.2441

ACC-AUC: 0.5992, Precision@5: 0.9220, Recall@5: 0.2720
[0.3125 0.33   0.3675 0.375  0.5825 0.6275 0.7125 0.81   0.875  1.    ]
100%|███████████████████████████████████████████| 69/69 [01:46<00:00,  1.54s/it]
Episode: 22, loss: -75229.2969, average rewards: -0.2441

ACC-AUC: 0.5850, Precision@5: 0.9375, Recall@5: 0.2767
[0.3125 0.33   0.365  0.3625 0.5525 0.58   0.65   0.8125 0.885  1.    ]
100%|███████████████████████████████████████████| 69/69 [01:45<00:00,  1.53s/it]
Episode: 23, loss: -67854.3125, average rewards: -0.2440

ACC-AUC: 0.5843, Precision@5: 0.6895, Recall@5: 0.1924
[0.3125 0.33   0.3825 0.3825 0.55   0.55   0.615  0.83   0.89   1.    ]
100%|███████████████████████████████████████████| 69/69 [01:47<00:00,  1.55s/it]
Episode: 24, loss: -63377.0859, average rewards: -0.2474

ACC-AUC: 0.5837, Precision@5: 0.6900, Recall@5: 0.1924
[0.3125 0.3275 0.38   0.395  0.55   0.555  0.62   0.82   0.8775 1.    ]
100%|███████████████████████████████████████████| 69/69 [01:43<00:00,  1.51s/it]
Episode: 25, loss: -63863.7461, average rewards: -0.2329

ACC-AUC: 0.5753, Precision@5: 0.6900, Recall@5: 0.1924
[0.3125 0.3275 0.36   0.365  0.5425 0.55   0.605  0.805  0.885  1.    ]
100%|███████████████████████████████████████████| 69/69 [01:43<00:00,  1.50s/it]
Episode: 26, loss: -65208.7695, average rewards: -0.2488

ACC-AUC: 0.5908, Precision@5: 0.6920, Recall@5: 0.1931
[0.3125 0.335  0.3775 0.38   0.55   0.5575 0.665  0.8425 0.8875 1.    ]
100%|███████████████████████████████████████████| 69/69 [01:42<00:00,  1.48s/it]
Episode: 27, loss: -61342.1133, average rewards: -0.2425

ACC-AUC: 0.5845, Precision@5: 0.7075, Recall@5: 0.1993
[0.3125 0.3275 0.35   0.3625 0.5475 0.5625 0.6525 0.8475 0.8825 1.    ]
100%|███████████████████████████████████████████| 69/69 [01:42<00:00,  1.49s/it]
Episode: 28, loss: -62776.0391, average rewards: -0.2064

ACC-AUC: 0.5837, Precision@5: 0.7280, Recall@5: 0.2083
[0.3125 0.33   0.3725 0.39   0.55   0.5725 0.65   0.825  0.835  1.    ]
100%|███████████████████████████████████████████| 69/69 [01:39<00:00,  1.44s/it]
Episode: 29, loss: -64395.9062, average rewards: -0.2011

ACC-AUC: 0.5795, Precision@5: 0.7370, Recall@5: 0.2113
[0.3125 0.3275 0.3775 0.3575 0.53   0.555  0.6375 0.8475 0.85   1.    ]
100%|███████████████████████████████████████████| 69/69 [01:40<00:00,  1.46s/it]
Episode: 30, loss: -64340.9219, average rewards: -0.2168

ACC-AUC: 0.5815, Precision@5: 0.7285, Recall@5: 0.2084
[0.3125 0.33   0.3775 0.375  0.5425 0.575  0.655  0.81   0.8375 1.    ]
100%|███████████████████████████████████████████| 69/69 [01:48<00:00,  1.58s/it]
Episode: 31, loss: -66221.8984, average rewards: -0.2218

ACC-AUC: 0.5710, Precision@5: 0.7375, Recall@5: 0.2117
[0.3125 0.3275 0.365  0.385  0.545  0.55   0.595  0.7925 0.8375 1.    ]
100%|███████████████████████████████████████████| 69/69 [01:57<00:00,  1.70s/it]
Episode: 32, loss: -69133.7344, average rewards: -0.2381

ACC-AUC: 0.5545, Precision@5: 0.9820, Recall@5: 0.3012
[0.3125 0.33   0.365  0.3725 0.555  0.56   0.6    0.71   0.74   1.    ]
100%|███████████████████████████████████████████| 69/69 [01:36<00:00,  1.40s/it]
Episode: 33, loss: -62931.0273, average rewards: -0.2158

ACC-AUC: 0.5523, Precision@5: 0.9860, Recall@5: 0.3029
[0.3125 0.3275 0.3725 0.3925 0.555  0.56   0.5975 0.6725 0.7325 1.    ]
100%|███████████████████████████████████████████| 69/69 [01:38<00:00,  1.42s/it]
Episode: 34, loss: -60033.3750, average rewards: -0.2252

ACC-AUC: 0.5533, Precision@5: 0.9840, Recall@5: 0.3019
[0.3125 0.3275 0.3725 0.41   0.55   0.5525 0.5725 0.71   0.725  1.    ]
100%|███████████████████████████████████████████| 69/69 [01:38<00:00,  1.42s/it]
Episode: 35, loss: -68975.1406, average rewards: -0.2539

ACC-AUC: 0.5498, Precision@5: 0.9825, Recall@5: 0.3016
[0.3125 0.3275 0.36   0.3975 0.55   0.545  0.58   0.695  0.73   1.    ]
100%|███████████████████████████████████████████| 69/69 [01:33<00:00,  1.36s/it]
Episode: 36, loss: -66203.3672, average rewards: -0.2315

ACC-AUC: 0.5717, Precision@5: 0.9090, Recall@5: 0.2766
[0.3125 0.3275 0.375  0.35   0.575  0.625  0.675  0.75   0.7275 1.    ]
100%|███████████████████████████████████████████| 69/69 [01:33<00:00,  1.35s/it]
Episode: 37, loss: -66054.1641, average rewards: -0.2415

ACC-AUC: 0.5790, Precision@5: 0.9115, Recall@5: 0.2777
[0.3125 0.3275 0.3575 0.4025 0.585  0.6425 0.6675 0.7575 0.7375 1.    ]
100%|███████████████████████████████████████████| 69/69 [01:33<00:00,  1.36s/it]
Episode: 38, loss: -67814.3984, average rewards: -0.2451

ACC-AUC: 0.5775, Precision@5: 0.9145, Recall@5: 0.2783
[0.3125 0.33   0.375  0.385  0.575  0.6325 0.685  0.745  0.735  1.    ]
100%|███████████████████████████████████████████| 69/69 [01:36<00:00,  1.40s/it]
Episode: 39, loss: -68851.4141, average rewards: -0.2403

ACC-AUC: 0.5765, Precision@5: 0.9220, Recall@5: 0.2809
[0.3125 0.3275 0.3575 0.35   0.585  0.6475 0.6925 0.7625 0.73   1.    ]
100%|███████████████████████████████████████████| 69/69 [01:37<00:00,  1.42s/it]
Episode: 40, loss: -67362.1484, average rewards: -0.2318

ACC-AUC: 0.5717, Precision@5: 0.6535, Recall@5: 0.1928
[0.3125 0.3325 0.3875 0.4275 0.58   0.61   0.635  0.7075 0.725  1.    ]
100%|███████████████████████████████████████████| 69/69 [01:36<00:00,  1.40s/it]
Episode: 41, loss: -62985.8711, average rewards: -0.2375

ACC-AUC: 0.5683, Precision@5: 0.6555, Recall@5: 0.1925
[0.3125 0.3425 0.3825 0.41   0.585  0.585  0.6275 0.705  0.7325 1.    ]
100%|███████████████████████████████████████████| 69/69 [01:34<00:00,  1.37s/it]
Episode: 42, loss: -65088.3125, average rewards: -0.2212

ACC-AUC: 0.5670, Precision@5: 0.6290, Recall@5: 0.1868
[0.3125 0.3425 0.38   0.415  0.5875 0.6175 0.5975 0.69   0.7275 1.    ]
100%|███████████████████████████████████████████| 69/69 [01:38<00:00,  1.43s/it]
Episode: 43, loss: -64812.2578, average rewards: -0.2241

ACC-AUC: 0.5660, Precision@5: 0.6335, Recall@5: 0.1881
[0.3125 0.335  0.385  0.42   0.5775 0.605  0.61   0.685  0.73   1.    ]
100%|███████████████████████████████████████████| 69/69 [01:33<00:00,  1.36s/it]
Episode: 44, loss: -49571.8555, average rewards: -0.1175

ACC-AUC: 0.5510, Precision@5: 0.4745, Recall@5: 0.1370
[0.3125 0.33   0.375  0.395  0.5675 0.5725 0.6275 0.67   0.66   1.    ]
100%|███████████████████████████████████████████| 69/69 [01:39<00:00,  1.44s/it]
Episode: 45, loss: -58304.2227, average rewards: -0.2049

ACC-AUC: 0.5613, Precision@5: 0.6445, Recall@5: 0.1915
[0.3125 0.34   0.3875 0.375  0.5575 0.6125 0.6175 0.69   0.72   1.    ]
100%|███████████████████████████████████████████| 69/69 [01:35<00:00,  1.38s/it]
Episode: 46, loss: -63161.9375, average rewards: -0.2276

ACC-AUC: 0.5645, Precision@5: 0.6335, Recall@5: 0.1880
[0.3125 0.3375 0.3775 0.43   0.585  0.58   0.605  0.6775 0.74   1.    ]
100%|███████████████████████████████████████████| 69/69 [01:39<00:00,  1.44s/it]
Episode: 47, loss: -65620.3906, average rewards: -0.2377

ACC-AUC: 0.5685, Precision@5: 0.6385, Recall@5: 0.1898
[0.3125 0.345  0.3725 0.4075 0.5925 0.6025 0.615  0.7    0.7375 1.    ]
100%|███████████████████████████████████████████| 69/69 [01:37<00:00,  1.41s/it]
Episode: 48, loss: -63210.1328, average rewards: -0.2225

ACC-AUC: 0.5660, Precision@5: 0.6345, Recall@5: 0.1883
[0.3125 0.3325 0.3675 0.4375 0.585  0.5975 0.5975 0.6875 0.7425 1.    ]
100%|███████████████████████████████████████████| 69/69 [01:36<00:00,  1.39s/it]
Episode: 49, loss: -63954.8711, average rewards: -0.2331

ACC-AUC: 0.5680, Precision@5: 0.7935, Recall@5: 0.2454
[0.3125 0.345  0.3925 0.425  0.6075 0.6175 0.5925 0.6625 0.725  1.    ]
100%|███████████████████████████████████████████| 69/69 [01:35<00:00,  1.39s/it]
Episode: 50, loss: -66782.3125, average rewards: -0.2471

ACC-AUC: 0.5740, Precision@5: 0.8205, Recall@5: 0.2541
[0.3125 0.3475 0.375  0.41   0.5975 0.6225 0.5875 0.7075 0.78   1.    ]
100%|███████████████████████████████████████████| 69/69 [01:35<00:00,  1.39s/it]
Episode: 51, loss: -67180.1250, average rewards: -0.2442

ACC-AUC: 0.5752, Precision@5: 0.8175, Recall@5: 0.2539
[0.3125 0.34   0.4    0.4125 0.5875 0.6125 0.5875 0.7075 0.7925 1.    ]
100%|███████████████████████████████████████████| 69/69 [01:34<00:00,  1.38s/it]
Episode: 52, loss: -65879.9062, average rewards: -0.2080

ACC-AUC: 0.5730, Precision@5: 0.8165, Recall@5: 0.2532
[0.3125 0.3375 0.3825 0.39   0.5925 0.595  0.6075 0.725  0.7875 1.    ]
100%|███████████████████████████████████████████| 69/69 [01:36<00:00,  1.40s/it]
Episode: 53, loss: -66120.4141, average rewards: -0.2075

ACC-AUC: 0.5753, Precision@5: 0.7630, Recall@5: 0.2265
[0.3125 0.34   0.3825 0.395  0.585  0.6075 0.6075 0.735  0.7875 1.    ]
100%|███████████████████████████████████████████| 69/69 [01:38<00:00,  1.43s/it]
Episode: 54, loss: -69593.5938, average rewards: -0.2217

ACC-AUC: 0.5800, Precision@5: 0.7670, Recall@5: 0.2267
[0.3125 0.3475 0.3825 0.39   0.5975 0.615  0.6175 0.7225 0.815  1.    ]
100%|███████████████████████████████████████████| 69/69 [01:36<00:00,  1.40s/it]
Episode: 55, loss: -71555.3750, average rewards: -0.2152

ACC-AUC: 0.5800, Precision@5: 0.7660, Recall@5: 0.2279
[0.3125 0.3325 0.3725 0.425  0.5875 0.6275 0.62   0.725  0.7975 1.    ]
100%|███████████████████████████████████████████| 69/69 [01:36<00:00,  1.39s/it]
Episode: 56, loss: -71259.4219, average rewards: -0.2148

ACC-AUC: 0.5803, Precision@5: 0.7700, Recall@5: 0.2294
[0.3125 0.34   0.375  0.4    0.605  0.6125 0.61   0.75   0.7975 1.    ]
100%|███████████████████████████████████████████| 69/69 [01:36<00:00,  1.40s/it]
Episode: 57, loss: -76147.6875, average rewards: -0.2391

ACC-AUC: 0.5637, Precision@5: 0.8235, Recall@5: 0.2557
[0.3125 0.3475 0.37   0.4275 0.5975 0.6225 0.5775 0.6425 0.74   1.    ]
100%|███████████████████████████████████████████| 69/69 [01:36<00:00,  1.40s/it]
Episode: 58, loss: -69203.1016, average rewards: -0.2485

ACC-AUC: 0.5755, Precision@5: 0.8205, Recall@5: 0.2546
[0.3125 0.335  0.3725 0.415  0.58   0.615  0.605  0.7225 0.7975 1.    ]
100%|███████████████████████████████████████████| 69/69 [01:34<00:00,  1.37s/it]
Episode: 59, loss: -66123.4219, average rewards: -0.2269

ACC-AUC: 0.5785, Precision@5: 0.8220, Recall@5: 0.2552
[0.3125 0.35   0.3725 0.4275 0.5925 0.605  0.6225 0.71   0.7925 1.    ]
100%|███████████████████████████████████████████| 69/69 [01:35<00:00,  1.39s/it]
Episode: 60, loss: -66543.2969, average rewards: -0.2244

ACC-AUC: 0.5802, Precision@5: 0.8255, Recall@5: 0.2559
[0.3125 0.335  0.38   0.43   0.5925 0.6275 0.615  0.7275 0.7825 1.    ]
100%|███████████████████████████████████████████| 69/69 [01:35<00:00,  1.39s/it]
Episode: 61, loss: -67703.1875, average rewards: -0.2431

ACC-AUC: 0.5662, Precision@5: 0.8140, Recall@5: 0.2523
[0.3125 0.3475 0.375  0.435  0.5925 0.625  0.585  0.665  0.725  1.    ]
100%|███████████████████████████████████████████| 69/69 [01:36<00:00,  1.39s/it]
Episode: 62, loss: -65577.4922, average rewards: -0.2275

ACC-AUC: 0.5620, Precision@5: 0.7990, Recall@5: 0.2485
[0.3125 0.3425 0.38   0.405  0.5875 0.6125 0.5875 0.655  0.7375 1.    ]
100%|███████████████████████████████████████████| 69/69 [01:37<00:00,  1.41s/it]
Episode: 63, loss: -62252.0547, average rewards: -0.2221

ACC-AUC: 0.5610, Precision@5: 0.8060, Recall@5: 0.2502
[0.3125 0.3325 0.38   0.3875 0.58   0.61   0.5925 0.6675 0.7475 1.    ]
100%|███████████████████████████████████████████| 69/69 [01:33<00:00,  1.35s/it]
Episode: 64, loss: -66943.9062, average rewards: -0.2228

ACC-AUC: 0.5595, Precision@5: 0.8145, Recall@5: 0.2522
[0.3125 0.3375 0.4025 0.3875 0.59   0.625  0.58   0.6425 0.7175 1.    ]
100%|███████████████████████████████████████████| 69/69 [01:35<00:00,  1.38s/it]
Episode: 65, loss: -63711.3359, average rewards: -0.2128

ACC-AUC: 0.5533, Precision@5: 0.8175, Recall@5: 0.2537
[0.3125 0.3275 0.36   0.36   0.5425 0.6325 0.5775 0.65   0.77   1.    ]
100%|███████████████████████████████████████████| 69/69 [01:37<00:00,  1.42s/it]
Episode: 66, loss: -64665.3086, average rewards: -0.2204

ACC-AUC: 0.5662, Precision@5: 0.8275, Recall@5: 0.2573
[0.3125 0.3375 0.3875 0.4075 0.585  0.6025 0.5925 0.685  0.7525 1.    ]
100%|███████████████████████████████████████████| 69/69 [01:35<00:00,  1.38s/it]
Episode: 67, loss: -67798.7109, average rewards: -0.2254

ACC-AUC: 0.5670, Precision@5: 0.8235, Recall@5: 0.2557
[0.3125 0.3375 0.3825 0.4325 0.585  0.6225 0.5675 0.67   0.76   1.    ]
100%|███████████████████████████████████████████| 69/69 [01:36<00:00,  1.40s/it]
Episode: 68, loss: -67250.2266, average rewards: -0.2279

ACC-AUC: 0.5593, Precision@5: 0.8110, Recall@5: 0.2520
[0.3125 0.345  0.38   0.405  0.5825 0.6025 0.6    0.63   0.735  1.    ]
100%|███████████████████████████████████████████| 69/69 [01:37<00:00,  1.42s/it]
Episode: 69, loss: -67312.8281, average rewards: -0.2334

ACC-AUC: 0.5615, Precision@5: 0.8235, Recall@5: 0.2554
[0.3125 0.3375 0.3625 0.405  0.585  0.6075 0.5825 0.6775 0.745  1.    ]
100%|███████████████████████████████████████████| 69/69 [01:35<00:00,  1.38s/it]
Episode: 70, loss: -65716.0078, average rewards: -0.2173

ACC-AUC: 0.5693, Precision@5: 0.8150, Recall@5: 0.2529
[0.3125 0.3425 0.4    0.425  0.5925 0.625  0.5875 0.6725 0.735  1.    ]
100%|███████████████████████████████████████████| 69/69 [01:35<00:00,  1.39s/it]
Episode: 71, loss: -63145.5312, average rewards: -0.2232

ACC-AUC: 0.5690, Precision@5: 0.8170, Recall@5: 0.2537
[0.3125 0.35   0.3825 0.4225 0.6125 0.6125 0.58   0.6775 0.74   1.    ]
100%|███████████████████████████████████████████| 69/69 [01:36<00:00,  1.40s/it]
Episode: 72, loss: -67769.9922, average rewards: -0.2313

ACC-AUC: 0.5677, Precision@5: 0.7990, Recall@5: 0.2480
[0.3125 0.3525 0.3775 0.415  0.62   0.6275 0.595  0.6575 0.72   1.    ]
100%|███████████████████████████████████████████| 69/69 [01:35<00:00,  1.38s/it]
Episode: 73, loss: -67022.1016, average rewards: -0.2274

ACC-AUC: 0.5668, Precision@5: 0.8220, Recall@5: 0.2551
[0.3125 0.34   0.3825 0.4325 0.585  0.6125 0.6125 0.655  0.735  1.    ]
100%|███████████████████████████████████████████| 69/69 [01:33<00:00,  1.35s/it]
Episode: 74, loss: -66599.0469, average rewards: -0.2282

ACC-AUC: 0.5630, Precision@5: 0.8240, Recall@5: 0.2559
[0.3125 0.335  0.37   0.3875 0.555  0.635  0.6125 0.6675 0.755  1.    ]
100%|███████████████████████████████████████████| 69/69 [01:32<00:00,  1.34s/it]
Episode: 75, loss: -68143.1797, average rewards: -0.2209

ACC-AUC: 0.5643, Precision@5: 0.8205, Recall@5: 0.2552
[0.3125 0.3325 0.3625 0.415  0.5925 0.6075 0.59   0.6775 0.7525 1.    ]
100%|███████████████████████████████████████████| 69/69 [01:31<00:00,  1.33s/it]
Episode: 76, loss: -67399.4453, average rewards: -0.2343

ACC-AUC: 0.5662, Precision@5: 0.8200, Recall@5: 0.2546
[0.3125 0.3375 0.39   0.405  0.5775 0.605  0.59   0.69   0.755  1.    ]
100%|███████████████████████████████████████████| 69/69 [01:35<00:00,  1.38s/it]
Episode: 77, loss: -65788.8984, average rewards: -0.2377

ACC-AUC: 0.5665, Precision@5: 0.8150, Recall@5: 0.2532
[0.3125 0.33   0.3675 0.4125 0.59   0.615  0.57   0.675  0.7925 1.    ]
100%|███████████████████████████████████████████| 69/69 [01:37<00:00,  1.41s/it]
Episode: 78, loss: -65260.4180, average rewards: -0.2211

ACC-AUC: 0.5707, Precision@5: 0.8170, Recall@5: 0.2540
[0.3125 0.335  0.375  0.415  0.5825 0.605  0.6025 0.695  0.785  1.    ]
