Reward-Mode: mutual_info, lr: 1e-05, l2: 1e-05
ACC-AUC: 0.5557, P@5: 0.6870, R@5: 0.2097
ACC-Curves: [0.3125 0.3125 0.3125 0.375  0.51   0.6425 0.6725 0.67   0.75   1.    ]

Reward-Mode: binary, lr: 1e-05, l2: 1e-05
ACC-AUC: 0.4970, P@5: 0.7110, R@5: 0.2107
ACC-Curves: [0.3125 0.3125 0.3125 0.315  0.3175 0.3275 0.4375 0.73   0.905  1.    ]

Reward-Mode: mutual_info, lr: 1e-05, l2: 0.0001
ACC-AUC: 0.5385, P@5: 0.5660, R@5: 0.1741
ACC-Curves: [0.3125 0.3175 0.3375 0.385  0.4875 0.5425 0.6025 0.6675 0.7325 1.    ]

Reward-Mode: binary, lr: 1e-05, l2: 0.0001
ACC-AUC: 0.4970, P@5: 0.7110, R@5: 0.2107
ACC-Curves: [0.3125 0.3125 0.3125 0.315  0.3175 0.3275 0.4375 0.73   0.905  1.    ]

Reward-Mode: mutual_info, lr: 1e-05, l2: 0.001
ACC-AUC: 0.5403, P@5: 0.6185, R@5: 0.1897
ACC-Curves: [0.3125 0.3125 0.3125 0.315  0.435  0.6225 0.685  0.665  0.7425 1.    ]

Reward-Mode: binary, lr: 1e-05, l2: 0.001
ACC-AUC: 0.5062, P@5: 0.6450, R@5: 0.1991
ACC-Curves: [0.3125 0.3125 0.3125 0.32   0.3775 0.44   0.61   0.6625 0.715  1.    ]

Reward-Mode: mutual_info, lr: 0.0001, l2: 1e-05
ACC-AUC: 0.5357, P@5: 0.3485, R@5: 0.1153
ACC-Curves: [0.3125 0.3175 0.32   0.355  0.4975 0.5275 0.6    0.6425 0.785  1.    ]

Reward-Mode: binary, lr: 0.0001, l2: 1e-05
ACC-AUC: 0.5350, P@5: 0.6280, R@5: 0.1954
ACC-Curves: [0.3125 0.3125 0.32   0.345  0.4375 0.555  0.6675 0.6675 0.7325 1.    ]

Reward-Mode: mutual_info, lr: 0.0001, l2: 0.0001
ACC-AUC: 0.5373, P@5: 0.3310, R@5: 0.1122
ACC-Curves: [0.3125 0.3125 0.32   0.345  0.4675 0.545  0.62   0.6875 0.7625 1.    ]

Reward-Mode: binary, lr: 0.0001, l2: 0.0001
ACC-AUC: 0.5425, P@5: 0.6680, R@5: 0.2065
ACC-Curves: [0.3125 0.3125 0.315  0.3475 0.47   0.595  0.66   0.685  0.7275 1.    ]

Reward-Mode: mutual_info, lr: 0.0001, l2: 0.001
ACC-AUC: 0.5395, P@5: 0.3650, R@5: 0.1195
ACC-Curves: [0.3125 0.315  0.325  0.3675 0.495  0.5325 0.6075 0.6675 0.7725 1.    ]

Reward-Mode: binary, lr: 0.0001, l2: 0.001
ACC-AUC: 0.5515, P@5: 0.6675, R@5: 0.2064
ACC-Curves: [0.3125 0.3125 0.315  0.38   0.545  0.65   0.6475 0.65   0.7025 1.    ]

Reward-Mode: mutual_info, lr: 0.001, l2: 1e-05
ACC-AUC: 0.5808, P@5: 0.4100, R@5: 0.1144
ACC-Curves: [0.3125 0.3375 0.385  0.4775 0.5675 0.635  0.655  0.6675 0.77   1.    ]

Reward-Mode: binary, lr: 0.001, l2: 1e-05
ACC-AUC: 0.6045, P@5: 0.5200, R@5: 0.1659
ACC-Curves: [0.315  0.3675 0.49   0.575  0.625  0.62   0.6925 0.6575 0.7025 1.    ]

Reward-Mode: mutual_info, lr: 0.001, l2: 0.0001
ACC-AUC: 0.6055, P@5: 0.4410, R@5: 0.1378
ACC-Curves: [0.3125 0.3275 0.3525 0.4575 0.615  0.6675 0.725  0.77   0.8275 1.    ]

Reward-Mode: binary, lr: 0.001, l2: 0.0001
ACC-AUC: 0.5600, P@5: 0.5450, R@5: 0.1644
ACC-Curves: [0.3125 0.3475 0.44   0.545  0.595  0.585  0.6025 0.5875 0.585  1.    ]

Reward-Mode: mutual_info, lr: 0.001, l2: 0.001
ACC-AUC: 0.5515, P@5: 0.6485, R@5: 0.1986
ACC-Curves: [0.3125 0.3325 0.3775 0.4025 0.5525 0.575  0.5975 0.645  0.72   1.    ]

Reward-Mode: binary, lr: 0.001, l2: 0.001
ACC-AUC: 0.5865, P@5: 0.6115, R@5: 0.1858
ACC-Curves: [0.3125 0.345  0.43   0.56   0.5975 0.6175 0.6275 0.655  0.72   1.    ]

