Reward-Mode: mutual_info, lr: 1e-05, l2: 1e-05
ACC-AUC: 0.9572, P@5: 0.0000, R@5: 0.0000
ACC-Curves: [0.98390805 0.9862069  0.98390805 0.97931034 0.95632184 0.93793103
 0.91954023 0.92183908 0.90344828 1.        ]

Reward-Mode: binary, lr: 1e-05, l2: 1e-05
ACC-AUC: 0.9611, P@5: 0.0000, R@5: 0.0000
ACC-Curves: [0.98390805 0.9908046  0.98390805 0.9908046  0.95632184 0.94482759
 0.94252874 0.91494253 0.90344828 1.        ]

Reward-Mode: mutual_info, lr: 1e-05, l2: 0.0001
ACC-AUC: 0.9586, P@5: 0.0000, R@5: 0.0000
ACC-Curves: [0.98390805 0.98850575 0.98390805 0.9816092  0.96551724 0.94022989
 0.91954023 0.92183908 0.90114943 1.        ]

Reward-Mode: binary, lr: 1e-05, l2: 0.0001
ACC-AUC: 0.9614, P@5: 0.0000, R@5: 0.0000
ACC-Curves: [0.98390805 0.9908046  0.98390805 0.98850575 0.95862069 0.94942529
 0.94022989 0.91494253 0.90344828 1.        ]

Reward-Mode: mutual_info, lr: 1e-05, l2: 0.001
ACC-AUC: 0.9593, P@5: 0.0000, R@5: 0.0000
ACC-Curves: [0.98390805 0.98850575 0.9862069  0.97931034 0.96321839 0.94252874
 0.92413793 0.92183908 0.90344828 1.        ]

Reward-Mode: binary, lr: 1e-05, l2: 0.001
ACC-AUC: 0.9616, P@5: 0.0000, R@5: 0.0000
ACC-Curves: [0.98390805 0.9908046  0.98390805 0.98850575 0.95632184 0.94942529
 0.94022989 0.91494253 0.90804598 1.        ]

Reward-Mode: mutual_info, lr: 0.0001, l2: 1e-05
ACC-AUC: 0.9641, P@5: 0.0000, R@5: 0.0000
ACC-Curves: [0.9862069  0.9908046  0.9862069  0.9862069  0.96321839 0.94482759
 0.95172414 0.92873563 0.90344828 1.        ]

Reward-Mode: binary, lr: 0.0001, l2: 1e-05
ACC-AUC: 0.9593, P@5: 0.0000, R@5: 0.0000
ACC-Curves: [0.9862069  0.9908046  0.9862069  0.9862069  0.96091954 0.93793103
 0.92643678 0.91494253 0.90344828 1.        ]

Reward-Mode: mutual_info, lr: 0.0001, l2: 0.0001
ACC-AUC: 0.9623, P@5: 0.0000, R@5: 0.0000
ACC-Curves: [0.98390805 0.98850575 0.9908046  0.97471264 0.96781609 0.95402299
 0.93333333 0.92873563 0.90114943 1.        ]

Reward-Mode: binary, lr: 0.0001, l2: 0.0001
ACC-AUC: 0.9598, P@5: 0.0000, R@5: 0.0000
ACC-Curves: [0.98390805 0.9908046  0.9908046  0.9862069  0.96321839 0.94252874
 0.92873563 0.90574713 0.90574713 1.        ]

Reward-Mode: mutual_info, lr: 0.0001, l2: 0.001
ACC-AUC: 0.9630, P@5: 0.0000, R@5: 0.0000
ACC-Curves: [0.98390805 0.9862069  0.98850575 0.97241379 0.97471264 0.96091954
 0.93563218 0.92413793 0.90344828 1.        ]

Reward-Mode: binary, lr: 0.0001, l2: 0.001
ACC-AUC: 0.9595, P@5: 0.0000, R@5: 0.0000
ACC-Curves: [0.97931034 0.98850575 0.9862069  0.97471264 0.95862069 0.94482759
 0.92413793 0.92873563 0.91034483 1.        ]

Reward-Mode: mutual_info, lr: 0.001, l2: 1e-05
ACC-AUC: 0.9609, P@5: 0.0000, R@5: 0.0000
ACC-Curves: [0.94942529 0.9862069  0.97471264 0.96781609 0.96321839 0.94942529
 0.96091954 0.94942529 0.90804598 1.        ]

Reward-Mode: binary, lr: 0.001, l2: 1e-05
ACC-AUC: 0.9522, P@5: 0.0000, R@5: 0.0000
ACC-Curves: [0.97701149 0.98390805 0.97931034 0.97471264 0.96091954 0.92873563
 0.91264368 0.88505747 0.91954023 1.        ]

Reward-Mode: mutual_info, lr: 0.001, l2: 0.0001
ACC-AUC: 0.9517, P@5: 0.0000, R@5: 0.0000
ACC-Curves: [0.98390805 0.98390805 0.97931034 0.97011494 0.96091954 0.96321839
 0.91954023 0.89425287 0.86206897 1.        ]

Reward-Mode: binary, lr: 0.001, l2: 0.0001
ACC-AUC: 0.9439, P@5: 0.0000, R@5: 0.0000
ACC-Curves: [0.95172414 0.97011494 0.97011494 0.94252874 0.94712644 0.92643678
 0.91494253 0.90574713 0.91034483 1.        ]

Reward-Mode: mutual_info, lr: 0.001, l2: 0.001
ACC-AUC: 0.9602, P@5: 0.0000, R@5: 0.0000
ACC-Curves: [0.98850575 0.9908046  0.98390805 0.97931034 0.97471264 0.94942529
 0.94942529 0.90574713 0.88045977 1.        ]

Reward-Mode: binary, lr: 0.001, l2: 0.001
ACC-AUC: 0.9639, P@5: 0.0000, R@5: 0.0000
ACC-Curves: [0.98390805 0.98850575 0.98390805 0.97471264 0.95632184 0.95632184
 0.95172414 0.92873563 0.91494253 1.        ]

Reward-Mode: mutual_info, lr: 1e-05, l2: 1e-05
ACC-AUC: 0.9524, P@5: 0.0000, R@5: 0.0000
ACC-Curves: [0.9816092  0.96551724 0.96091954 0.96091954 0.95172414 0.94022989
 0.93563218 0.91494253 0.91264368 1.        ]

