Reward-Mode: mutual_info, lr: 1e-05, l2: 1e-05
ACC-AUC: 0.8980, P@5: 0.0000, R@5: 0.0000
ACC-Curves: [0.9609375  0.7734375  0.88671875 0.91015625 0.921875   0.859375
 0.8828125  0.91015625 0.875      1.        ]

Reward-Mode: binary, lr: 1e-05, l2: 1e-05
ACC-AUC: 0.8969, P@5: 0.0000, R@5: 0.0000
ACC-Curves: [0.96875    0.7734375  0.8828125  0.90234375 0.921875   0.859375
 0.87890625 0.90234375 0.87890625 1.        ]

Reward-Mode: mutual_info, lr: 1e-05, l2: 0.0001
ACC-AUC: 0.8520, P@5: 0.0000, R@5: 0.0000
ACC-Curves: [0.85546875 0.70703125 0.83203125 0.84765625 0.8828125  0.83203125
 0.83984375 0.8828125  0.83984375 1.        ]

Reward-Mode: binary, lr: 1e-05, l2: 0.0001
ACC-AUC: 0.8449, P@5: 0.0000, R@5: 0.0000
ACC-Curves: [0.8515625  0.67578125 0.8125     0.83984375 0.88671875 0.828125
 0.84765625 0.859375   0.84765625 1.        ]

Reward-Mode: mutual_info, lr: 1e-05, l2: 0.001
ACC-AUC: 0.8516, P@5: 0.0000, R@5: 0.0000
ACC-Curves: [0.8515625  0.70703125 0.83203125 0.84765625 0.8828125  0.83203125
 0.83984375 0.8828125  0.83984375 1.        ]

Reward-Mode: binary, lr: 1e-05, l2: 0.001
ACC-AUC: 0.8461, P@5: 0.0000, R@5: 0.0000
ACC-Curves: [0.8515625  0.68359375 0.80859375 0.83984375 0.89453125 0.828125
 0.8515625  0.859375   0.84375    1.        ]

Reward-Mode: mutual_info, lr: 0.0001, l2: 1e-05
ACC-AUC: 0.9008, P@5: 0.0000, R@5: 0.0000
ACC-Curves: [0.97265625 0.77734375 0.8828125  0.90625    0.92578125 0.8671875
 0.8828125  0.91796875 0.875      1.        ]

Reward-Mode: binary, lr: 0.0001, l2: 1e-05
ACC-AUC: 0.8996, P@5: 0.0000, R@5: 0.0000
ACC-Curves: [0.96875    0.7734375  0.87890625 0.90625    0.92578125 0.8671875
 0.8828125  0.9140625  0.87890625 1.        ]

Reward-Mode: mutual_info, lr: 0.0001, l2: 0.0001
ACC-AUC: 0.9012, P@5: 0.0000, R@5: 0.0000
ACC-Curves: [0.9765625  0.77734375 0.8828125  0.90625    0.92578125 0.8671875
 0.8828125  0.91796875 0.875      1.        ]

Reward-Mode: binary, lr: 0.0001, l2: 0.0001
ACC-AUC: 0.9000, P@5: 0.0000, R@5: 0.0000
ACC-Curves: [0.96875    0.77734375 0.87890625 0.90625    0.9296875  0.86328125
 0.87890625 0.9140625  0.8828125  1.        ]

Reward-Mode: mutual_info, lr: 0.0001, l2: 0.001
ACC-AUC: 0.8996, P@5: 0.0000, R@5: 0.0000
ACC-Curves: [0.9609375  0.7734375  0.88671875 0.91015625 0.92578125 0.86328125
 0.88671875 0.91015625 0.87890625 1.        ]

Reward-Mode: binary, lr: 0.0001, l2: 0.001
ACC-AUC: 0.9012, P@5: 0.0000, R@5: 0.0000
ACC-Curves: [0.9765625  0.7734375  0.8828125  0.90625    0.9296875  0.86328125
 0.8828125  0.9140625  0.8828125  1.        ]

Reward-Mode: mutual_info, lr: 0.001, l2: 1e-05
ACC-AUC: 0.8965, P@5: 0.0000, R@5: 0.0000
ACC-Curves: [0.97265625 0.7734375  0.8828125  0.91015625 0.92578125 0.86328125
 0.87890625 0.91015625 0.84765625 1.        ]

Reward-Mode: binary, lr: 0.001, l2: 1e-05
ACC-AUC: 0.8973, P@5: 0.0000, R@5: 0.0000
ACC-Curves: [0.96875    0.76953125 0.88671875 0.90625    0.92578125 0.85546875
 0.8828125  0.9140625  0.86328125 1.        ]

Reward-Mode: mutual_info, lr: 0.001, l2: 0.0001
ACC-AUC: 0.8969, P@5: 0.0000, R@5: 0.0000
ACC-Curves: [0.9609375  0.76953125 0.87890625 0.90625    0.9296875  0.85546875
 0.890625   0.90234375 0.875      1.        ]

Reward-Mode: binary, lr: 0.001, l2: 0.0001
ACC-AUC: 0.8992, P@5: 0.0000, R@5: 0.0000
ACC-Curves: [0.97265625 0.7734375  0.8828125  0.9140625  0.9296875  0.859375
 0.890625   0.90625    0.86328125 1.        ]

Reward-Mode: mutual_info, lr: 0.001, l2: 0.001
ACC-AUC: 0.8973, P@5: 0.0000, R@5: 0.0000
ACC-Curves: [0.97265625 0.765625   0.88671875 0.91015625 0.921875   0.859375
 0.88671875 0.90234375 0.8671875  1.        ]

Reward-Mode: binary, lr: 0.001, l2: 0.001
ACC-AUC: 0.8984, P@5: 0.0000, R@5: 0.0000
ACC-Curves: [0.97265625 0.76953125 0.890625   0.9140625  0.9296875  0.859375
 0.8828125  0.90234375 0.86328125 1.        ]

